<?xml version="1.0" encoding="UTF-8"?>
<testsuite xmlns:xsi="http://www.w3.org/2001/XMLSchema-instance" xsi:noNamespaceSchemaLocation="https://maven.apache.org/surefire/maven-surefire-plugin/xsd/surefire-test-report.xsd" name="Calculator_Linda.Calculator_Linda.CalcBasicTest" time="3.019" tests="13" errors="0" skipped="0" failures="0">
  <properties>
    <property name="sun.desktop" value="windows"/>
    <property name="awt.toolkit" value="sun.awt.windows.WToolkit"/>
    <property name="file.encoding.pkg" value="sun.io"/>
    <property name="java.specification.version" value="1.8"/>
    <property name="sun.cpu.isalist" value="amd64"/>
    <property name="sun.jnu.encoding" value="Cp1252"/>
    <property name="java.class.path" value="C:\Users\linda\workspace\MavenProjects\Calculator-Linda\target\test-classes;C:\Users\linda\workspace\MavenProjects\Calculator-Linda\target\classes;C:\Users\linda\.m2\repository\junit\junit\4.11\junit-4.11.jar;C:\Users\linda\.m2\repository\org\hamcrest\hamcrest-core\1.3\hamcrest-core-1.3.jar;"/>
    <property name="java.vm.vendor" value="Oracle Corporation"/>
    <property name="sun.arch.data.model" value="64"/>
    <property name="user.variant" value=""/>
    <property name="java.vendor.url" value="http://java.oracle.com/"/>
    <property name="user.timezone" value=""/>
    <property name="user.country.format" value="SE"/>
    <property name="java.vm.specification.version" value="1.8"/>
    <property name="os.name" value="Windows 10"/>
    <property name="user.country" value="GB"/>
    <property name="sun.java.launcher" value="SUN_STANDARD"/>
    <property name="sun.boot.library.path" value="C:\Program Files\Java\jdk1.8.0_171\jre\bin"/>
    <property name="sun.java.command" value="C:\Users\linda\AppData\Local\Temp\surefire8224115323511381542\surefirebooter3935866222294110294.jar C:\Users\linda\AppData\Local\Temp\surefire8224115323511381542 2018-12-12T10-00-57_950-jvmRun1 surefire6442027631345422334tmp surefire_05135188075569423050tmp"/>
    <property name="surefire.test.class.path" value="C:\Users\linda\workspace\MavenProjects\Calculator-Linda\target\test-classes;C:\Users\linda\workspace\MavenProjects\Calculator-Linda\target\classes;C:\Users\linda\.m2\repository\junit\junit\4.11\junit-4.11.jar;C:\Users\linda\.m2\repository\org\hamcrest\hamcrest-core\1.3\hamcrest-core-1.3.jar;"/>
    <property name="sun.cpu.endian" value="little"/>
    <property name="user.home" value="C:\Users\linda"/>
    <property name="user.language" value="en"/>
    <property name="java.specification.vendor" value="Oracle Corporation"/>
    <property name="java.home" value="C:\Program Files\Java\jdk1.8.0_171\jre"/>
    <property name="basedir" value="C:\Users\linda\workspace\MavenProjects\Calculator-Linda"/>
    <property name="file.separator" value="\"/>
    <property name="line.separator" value="&#10;"/>
    <property name="java.vm.specification.vendor" value="Oracle Corporation"/>
    <property name="java.specification.name" value="Java Platform API Specification"/>
    <property name="java.awt.graphicsenv" value="sun.awt.Win32GraphicsEnvironment"/>
    <property name="surefire.real.class.path" value="C:\Users\linda\AppData\Local\Temp\surefire8224115323511381542\surefirebooter3935866222294110294.jar"/>
    <property name="sun.boot.class.path" value="C:\Program Files\Java\jdk1.8.0_171\jre\lib\resources.jar;C:\Program Files\Java\jdk1.8.0_171\jre\lib\rt.jar;C:\Program Files\Java\jdk1.8.0_171\jre\lib\sunrsasign.jar;C:\Program Files\Java\jdk1.8.0_171\jre\lib\jsse.jar;C:\Program Files\Java\jdk1.8.0_171\jre\lib\jce.jar;C:\Program Files\Java\jdk1.8.0_171\jre\lib\charsets.jar;C:\Program Files\Java\jdk1.8.0_171\jre\lib\jfr.jar;C:\Program Files\Java\jdk1.8.0_171\jre\classes"/>
    <property name="user.script" value=""/>
    <property name="sun.management.compiler" value="HotSpot 64-Bit Tiered Compilers"/>
    <property name="java.runtime.version" value="1.8.0_171-b11"/>
    <property name="user.name" value="linda"/>
    <property name="path.separator" value=";"/>
    <property name="os.version" value="10.0"/>
    <property name="java.endorsed.dirs" value="C:\Program Files\Java\jdk1.8.0_171\jre\lib\endorsed"/>
    <property name="java.runtime.name" value="Java(TM) SE Runtime Environment"/>
    <property name="file.encoding" value="Cp1252"/>
    <property name="java.vm.name" value="Java HotSpot(TM) 64-Bit Server VM"/>
    <property name="localRepository" value="C:\Users\linda\.m2\repository"/>
    <property name="java.vendor.url.bug" value="http://bugreport.sun.com/bugreport/"/>
    <property name="java.io.tmpdir" value="C:\Users\linda\AppData\Local\Temp\"/>
    <property name="java.version" value="1.8.0_171"/>
    <property name="user.dir" value="C:\Users\linda\workspace\MavenProjects\Calculator-Linda"/>
    <property name="os.arch" value="amd64"/>
    <property name="java.vm.specification.name" value="Java Virtual Machine Specification"/>
    <property name="java.awt.printerjob" value="sun.awt.windows.WPrinterJob"/>
    <property name="sun.os.patch.level" value=""/>
    <property name="java.library.path" value="C:\Program Files\Java\jdk1.8.0_171\jre\bin;C:\WINDOWS\Sun\Java\bin;C:\WINDOWS\system32;C:\WINDOWS;C:\Program Files (x86)\Common Files\Oracle\Java\javapath;C:\Program Files (x86)\Intel\iCLS Client\;C:\Program Files\Intel\iCLS Client\;C:\Windows\system32;C:\Windows;C:\Windows\System32\Wbem;C:\Windows\System32\WindowsPowerShell\v1.0\;C:\Program Files (x86)\Intel\Intel(R) Management Engine Components\DAL;C:\Program Files\Intel\Intel(R) Management Engine Components\DAL;C:\Program Files (x86)\Intel\Intel(R) Management Engine Components\IPT;C:\Program Files\Intel\Intel(R) Management Engine Components\IPT;C:\Program Files (x86)\NVIDIA Corporation\PhysX\Common;C:\Program Files\dotnet\;C:\Program Files\Microsoft SQL Server\130\Tools\Binn\;C:\WINDOWS\system32;C:\WINDOWS;C:\WINDOWS\System32\Wbem;C:\WINDOWS\System32\WindowsPowerShell\v1.0\;C:\WINDOWS\System32\OpenSSH\;C:\Program Files\Intel\WiFi\bin\;C:\Program Files\Common Files\Intel\WirelessCommon\;C:\Program Files\Git\cmd;C:\Tools\apache-maven-3.6.0\bin\bin;C:\Program Files\Java\jdk1.8.0_171\bin;C:\Users\linda\AppData\Local\Microsoft\WindowsApps;C:\Program Files\Java\jdk1.8.0_171\bin;C:\Tools\apache-maven-3.6.0\bin;;."/>
    <property name="java.vm.info" value="mixed mode"/>
    <property name="java.vendor" value="Oracle Corporation"/>
    <property name="java.vm.version" value="25.171-b11"/>
    <property name="java.ext.dirs" value="C:\Program Files\Java\jdk1.8.0_171\jre\lib\ext;C:\WINDOWS\Sun\Java\lib\ext"/>
    <property name="sun.io.unicode.encoding" value="UnicodeLittle"/>
    <property name="java.class.version" value="52.0"/>
  </properties>
  <testcase name="testAdd" classname="Calculator_Linda.Calculator_Linda.CalcBasicTest" time="0.238"/>
  <testcase name="testDiv" classname="Calculator_Linda.Calculator_Linda.CalcBasicTest" time="0.243"/>
  <testcase name="testSub" classname="Calculator_Linda.Calculator_Linda.CalcBasicTest" time="0.251"/>
  <testcase name="testMult1" classname="Calculator_Linda.Calculator_Linda.CalcBasicTest" time="0.225"/>
  <testcase name="testAdd1" classname="Calculator_Linda.Calculator_Linda.CalcBasicTest" time="0.222"/>
  <testcase name="testDiv1" classname="Calculator_Linda.Calculator_Linda.CalcBasicTest" time="0.213"/>
  <testcase name="testDiv2" classname="Calculator_Linda.Calculator_Linda.CalcBasicTest" time="0.21"/>
  <testcase name="testMult" classname="Calculator_Linda.Calculator_Linda.CalcBasicTest" time="0.25"/>
  <testcase name="testSub1" classname="Calculator_Linda.Calculator_Linda.CalcBasicTest" time="0.237"/>
  <testcase name="testSub2" classname="Calculator_Linda.Calculator_Linda.CalcBasicTest" time="0.227"/>
  <testcase name="testModulus1" classname="Calculator_Linda.Calculator_Linda.CalcBasicTest" time="0.221"/>
  <testcase name="testModulus2" classname="Calculator_Linda.Calculator_Linda.CalcBasicTest" time="0.226"/>
  <testcase name="testModulus" classname="Calculator_Linda.Calculator_Linda.CalcBasicTest" time="0.254"/>
</testsuite>