<?xml version="1.0" encoding="UTF-8"?>
<!-- Generated by org.testng.reporters.JUnitReportReporter -->
<testsuite hostname="LAPTOP-K95TRAJ2" name="Calculator_Linda.Calculator_Linda.CalcAdvTest" tests="7" failures="0" timestamp="12 Dec 2018 13:01:03 GMT" time="0.128" errors="0">
  <testcase name="testSin" time="0.024" classname="Calculator_Linda.Calculator_Linda.CalcAdvTest"/>
  <testcase name="testCos" time="0.044" classname="Calculator_Linda.Calculator_Linda.CalcAdvTest"/>
  <testcase name="testTan" time="0.016" classname="Calculator_Linda.Calculator_Linda.CalcAdvTest"/>
  <testcase name="testX2" time="0.007" classname="Calculator_Linda.Calculator_Linda.CalcAdvTest"/>
  <testcase name="testPi" time="0.014" classname="Calculator_Linda.Calculator_Linda.CalcAdvTest"/>
  <testcase name="testSqa" time="0.014" classname="Calculator_Linda.Calculator_Linda.CalcAdvTest"/>
  <testcase name="testTenX" time="0.009" classname="Calculator_Linda.Calculator_Linda.CalcAdvTest"/>
</testsuite> <!-- Calculator_Linda.Calculator_Linda.CalcAdvTest -->
