<?xml version="1.0" encoding="UTF-8"?>
<!-- Generated by org.testng.reporters.JUnitReportReporter -->
<testsuite hostname="LAPTOP-K95TRAJ2" name="Calculator_Linda.Calculator_Linda.CalcBasicTest" tests="5" failures="0" timestamp="12 Dec 2018 13:01:03 GMT" time="0.078" errors="0">
  <testcase name="testModulus" time="0.014" classname="Calculator_Linda.Calculator_Linda.CalcBasicTest"/>
  <testcase name="testSub" time="0.017" classname="Calculator_Linda.Calculator_Linda.CalcBasicTest"/>
  <testcase name="testDiv" time="0.018" classname="Calculator_Linda.Calculator_Linda.CalcBasicTest"/>
  <testcase name="testAdd" time="0.017" classname="Calculator_Linda.Calculator_Linda.CalcBasicTest"/>
  <testcase name="testMult" time="0.012" classname="Calculator_Linda.Calculator_Linda.CalcBasicTest"/>
</testsuite> <!-- Calculator_Linda.Calculator_Linda.CalcBasicTest -->
