<?xml version="1.0" encoding="UTF-8"?>
<!-- Generated by org.testng.reporters.JUnitReportReporter -->
<testsuite hostname="LAPTOP-K95TRAJ2" name="Calculator_Linda.Calculator_Linda.CalcAdvTest" tests="7" failures="0" timestamp="12 Dec 2018 14:02:08 GMT" time="0.219" errors="0">
  <testcase name="testX2" time="0.011" classname="Calculator_Linda.Calculator_Linda.CalcAdvTest"/>
  <testcase name="testSin" time="0.030" classname="Calculator_Linda.Calculator_Linda.CalcAdvTest"/>
  <testcase name="testTenX" time="0.023" classname="Calculator_Linda.Calculator_Linda.CalcAdvTest"/>
  <testcase name="testTan" time="0.041" classname="Calculator_Linda.Calculator_Linda.CalcAdvTest"/>
  <testcase name="testPi" time="0.025" classname="Calculator_Linda.Calculator_Linda.CalcAdvTest"/>
  <testcase name="testCos" time="0.055" classname="Calculator_Linda.Calculator_Linda.CalcAdvTest"/>
  <testcase name="testSqa" time="0.034" classname="Calculator_Linda.Calculator_Linda.CalcAdvTest"/>
</testsuite> <!-- Calculator_Linda.Calculator_Linda.CalcAdvTest -->
