<?xml version="1.0" encoding="UTF-8"?>
<!-- Generated by org.testng.reporters.JUnitReportReporter -->
<testsuite hostname="LAPTOP-K95TRAJ2" name="Calculator_Linda.Calculator_Linda.CalcBasicTest" tests="5" failures="0" timestamp="12 Dec 2018 14:02:08 GMT" time="0.122" errors="0">
  <testcase name="testSub" time="0.026" classname="Calculator_Linda.Calculator_Linda.CalcBasicTest"/>
  <testcase name="testAdd" time="0.030" classname="Calculator_Linda.Calculator_Linda.CalcBasicTest"/>
  <testcase name="testDiv" time="0.030" classname="Calculator_Linda.Calculator_Linda.CalcBasicTest"/>
  <testcase name="testMult" time="0.016" classname="Calculator_Linda.Calculator_Linda.CalcBasicTest"/>
  <testcase name="testModulus" time="0.020" classname="Calculator_Linda.Calculator_Linda.CalcBasicTest"/>
</testsuite> <!-- Calculator_Linda.Calculator_Linda.CalcBasicTest -->
